C51 COMPILER V9.53.0.0   RXTX232                                                           12/09/2019 15:01:05 PAGE 1   


C51 COMPILER V9.53.0.0, COMPILATION OF MODULE RXTX232
OBJECT MODULE PLACED IN RxTx232.OBJ
COMPILER INVOKED BY: C:\Keil_v5\C51\BIN\C51.EXE RxTx232.c LARGE OPTIMIZE(8,SPEED) BROWSE DEBUG OBJECTEXTEND TABS(2)

line level    source

   1          /*****************************Contrôle Communication Série*******************************/
   2          /* 
   3             Nom du fichier : RxTx232.c
   4             Auteur : Alain Champagne
   5          
   6          Version 1.0 25-06-06
   7          Date de modification :  09-11-09
   8           
   9          D 
  10           
  11              Fonctions nécessaires pour la communication série de la carte Dallas. 
  12              
  13                
  14          *****************************************************************************************/
  15          
  16          //-------------- header files  -----------------
  17          #include "_DS89C450Modifie.h"       // Définition des bits et des registres du microcontrôleur
  18          #include "_DeclarationGenerale.h"
  19          #include "RxTx232.h"
  20          
  21          
  22          
  23          // *************************************************************************************************
  24          void vInitPortSerie(void)
  25          //   Auteur : Alain Champagne
  26          //      Date de création : 22-06-06   
  27          //   Description : Cette fonction initialise les SFRs pour permettre une communication série
  28          //                 à 57600 bauds sans interruptions. La communication série utilise le timer
  29          //                 1. On ne pourra donc pas utiliser ce timer lorsque la communication série 
  30          //                 sera employée.
  31          //          
  32          //   Paramètres d'entrée : Aucun.
  33          //   Paramètres de sortie : Aucun.
  34          //   Variables utilisées : Aucun.
  35          //***************************************************************************************************
  36          {
  37   1          SCON0 = 0x50;         // Selectione mode 1, 8-bit avec reception      
  38   1          TMOD  = TMOD | 0x20; // timer 1, mode 2, 8-bit auto reload        
  39   1          TH1   = 0xFD;        // a 11.0592MHz: FA=4800,FD=9600,FE=14400 et FF=28800    
  40   1          PCON  = PCON | 0x80; // Le bit SMOD = 1 pour vitesse * 2 du port serie 
  41   1          TR1   = 1;           // Active le timer 1                          
  42   1          TI_0  = 1;           // Pour pouvoir envoyer un premier charactere    
  43   1      }
  44          
  45          
  46          
  47          
  48          
  49          
  50          
  51          


MODULE INFORMATION:   STATIC OVERLAYABLE
   CODE SIZE        =     17    ----
C51 COMPILER V9.53.0.0   RXTX232                                                           12/09/2019 15:01:05 PAGE 2   

   CONSTANT SIZE    =   ----    ----
   XDATA SIZE       =   ----    ----
   PDATA SIZE       =   ----    ----
   DATA SIZE        =   ----    ----
   IDATA SIZE       =   ----    ----
   BIT SIZE         =   ----    ----
END OF MODULE INFORMATION.


C51 COMPILATION COMPLETE.  0 WARNING(S),  0 ERROR(S)
